[1110/210248.965:ERROR:process_info.cc(329)] VirtualQueryEx: Access is denied. (0x5)
[1110/210248.968:ERROR:process_info.cc(556)] ReadMemoryInfo failed
[1110/210248.968:ERROR:process_memory_win.cc(39)] Failed to initialize ProcessInfo.
[1110/210248.969:ERROR:scoped_process_suspend.cc(40)] NtResumeProcess: An attempt was made to access an exiting process. (0xc000010a)
[1117/204334.840:ERROR:process_memory_win.cc(73)] ReadMemory at 0x1c0196c40f0 of 72 bytes failed: Only part of a ReadProcessMemory or WriteProcessMemory request was completed. (0x12B)
[1117/204334.849:WARNING:pe_image_annotations_reader.cc(134)] could not read annotations list object in C:\Program Files (x86)\Google\Chrome\Application\78.0.3904.97\chrome_elf.dll
[1117/204334.853:ERROR:process_memory_win.cc(73)] ReadMemory at 0x1c019430000 of 64 bytes failed: Only part of a ReadProcessMemory or WriteProcessMemory request was completed. (0x12B)
[1117/204334.853:WARNING:pe_image_reader.cc(340)] could not read dos header from C:\WINDOWS\System32\umppc10207.dll
[1117/204334.857:ERROR:process_memory_win.cc(73)] ReadMemory at 0x7ff8a9040000 of 64 bytes failed: Only part of a ReadProcessMemory or WriteProcessMemory request was completed. (0x12B)
[1117/204334.857:WARNING:pe_image_reader.cc(340)] could not read dos header from C:\Program Files (x86)\Google\Chrome\Application\78.0.3904.97\chrome_child.dll
[1117/204334.857:ERROR:process_memory_win.cc(73)] ReadMemory at 0x1c0198d0000 of 64 bytes failed: Only part of a ReadProcessMemory or WriteProcessMemory request was completed. (0x12B)
[1117/204334.857:WARNING:pe_image_reader.cc(340)] could not read dos header from C:\WINDOWS\System32\OLEAUT32.dll
[1117/204334.857:ERROR:process_memory_win.cc(73)] ReadMemory at 0x1c019a40000 of 64 bytes failed: Only part of a ReadProcessMemory or WriteProcessMemory request was completed. (0x12B)
[1117/204334.857:WARNING:pe_image_reader.cc(340)] could not read dos header from C:\WINDOWS\System32\combase.dll
[1117/204334.862:ERROR:process_memory_win.cc(73)] ReadMemory at 0x7ff917100290 of 40 bytes failed: Only part of a ReadProcessMemory or WriteProcessMemory request was completed. (0x12B)
[1117/204334.862:WARNING:pe_image_reader.cc(392)] could not read section 4 from C:\WINDOWS\SYSTEM32\bcrypt.dll
[1117/204334.862:ERROR:process_memory_win.cc(73)] ReadMemory at 0x7ff917500000 of 64 bytes failed: Only part of a ReadProcessMemory or WriteProcessMemory request was completed. (0x12B)
[1117/204334.862:WARNING:pe_image_reader.cc(340)] could not read dos header from C:\WINDOWS\SYSTEM32\SSPICLI.DLL
[1117/204334.863:ERROR:process_memory_win.cc(73)] ReadMemory at 0x7ff917600000 of 64 bytes failed: Only part of a ReadProcessMemory or WriteProcessMemory request was completed. (0x12B)
[1117/204334.863:WARNING:pe_image_reader.cc(340)] could not read dos header from C:\WINDOWS\System32\powrprof.dll
[1117/204334.863:ERROR:process_memory_win.cc(73)] ReadMemory at 0x7ff917670000 of 64 bytes failed: Only part of a ReadProcessMemory or WriteProcessMemory request was completed. (0x12B)
[1117/204334.863:WARNING:pe_image_reader.cc(340)] could not read dos header from C:\WINDOWS\System32\FLTLIB.DLL
[1117/204334.863:ERROR:process_memory_win.cc(73)] ReadMemory at 0x7ff916ff0000 of 64 bytes failed: Only part of a ReadProcessMemory or WriteProcessMemory request was completed. (0x12B)
[1117/204334.863:WARNING:pe_image_reader.cc(340)] could not read dos header from C:\WINDOWS\SYSTEM32\CRYPTBASE.DLL
[1117/204334.863:ERROR:process_memory_win.cc(73)] ReadMemory at 0x7ff69eee0000 of 64 bytes failed: Only part of a ReadProcessMemory or WriteProcessMemory request was completed. (0x12B)
[1117/204334.863:WARNING:pe_image_reader.cc(340)] could not read dos header from C:\Program Files (x86)\Google\Chrome\Application\chrome.exe
[1117/204334.864:ERROR:process_memory_win.cc(73)] ReadMemory at 0x7ff9176c0000 of 64 bytes failed: Only part of a ReadProcessMemory or WriteProcessMemory request was completed. (0x12B)
[1117/204334.864:WARNING:pe_image_reader.cc(340)] could not read dos header from C:\WINDOWS\System32\KERNELBASE.dll
[1117/204334.864:ERROR:process_memory_win.cc(73)] ReadMemory at 0x7ff9086c0000 of 64 bytes failed: Only part of a ReadProcessMemory or WriteProcessMemory request was completed. (0x12B)
[1117/204334.864:WARNING:pe_image_reader.cc(340)] could not read dos header from C:\Program Files (x86)\Google\Chrome\Application\78.0.3904.97\chrome_elf.dll
[1117/204334.864:ERROR:process_memory_win.cc(73)] ReadMemory at 0x7ff903d50000 of 64 bytes failed: Only part of a ReadProcessMemory or WriteProcessMemory request was completed. (0x12B)
[1117/204334.865:WARNING:pe_image_reader.cc(340)] could not read dos header from C:\WINDOWS\SYSTEM32\VERSION.dll
[1117/204334.865:ERROR:process_memory_win.cc(73)] ReadMemory at 0x1c019430000 of 64 bytes failed: Only part of a ReadProcessMemory or WriteProcessMemory request was completed. (0x12B)
[1117/204334.865:WARNING:pe_image_reader.cc(340)] could not read dos header from C:\WINDOWS\System32\umppc10207.dll
[1117/204334.865:ERROR:process_memory_win.cc(73)] ReadMemory at 0x7ff8ea0f0000 of 64 bytes failed: Only part of a ReadProcessMemory or WriteProcessMemory request was completed. (0x12B)
[1117/204334.865:WARNING:pe_image_reader.cc(340)] could not read dos header from C:\Program Files\McAfee\Endpoint Security\Threat Prevention\Ips\EpMPApi.dll
[1117/204334.866:ERROR:process_memory_win.cc(73)] ReadMemory at 0x7ff9184d02b0 of 40 bytes failed: Only part of a ReadProcessMemory or WriteProcessMemory request was completed. (0x12B)
[1117/204334.866:WARNING:pe_image_reader.cc(392)] could not read section 5 from C:\WINDOWS\System32\win32u.dll
[1117/204334.866:ERROR:process_memory_win.cc(73)] ReadMemory at 0x7ff918ea0248 of 40 bytes failed: Only part of a ReadProcessMemory or WriteProcessMemory request was completed. (0x12B)
[1117/204334.866:WARNING:pe_image_reader.cc(392)] could not read section 2 from C:\WINDOWS\System32\GDI32.dll
[1117/204334.866:ERROR:process_memory_win.cc(73)] ReadMemory at 0x7ff917940000 of 64 bytes failed: Only part of a ReadProcessMemory or WriteProcessMemory request was completed. (0x12B)
[1117/204334.866:WARNING:pe_image_reader.cc(340)] could not read dos header from C:\WINDOWS\System32\gdi32full.dll
[1117/204334.866:ERROR:process_memory_win.cc(73)] ReadMemory at 0x7ff9186e0000 of 64 bytes failed: Only part of a ReadProcessMemory or WriteProcessMemory request was completed. (0x12B)
[1117/204334.866:WARNING:pe_image_reader.cc(340)] could not read dos header from C:\WINDOWS\System32\msvcp_win.dll
[1117/204334.866:ERROR:process_memory_win.cc(73)] ReadMemory at 0x7ff918320000 of 64 bytes failed: Only part of a ReadProcessMemory or WriteProcessMemory request was completed. (0x12B)
[1117/204334.866:WARNING:pe_image_reader.cc(340)] could not read dos header from C:\WINDOWS\System32\ucrtbase.dll
[1117/204334.867:ERROR:process_memory_win.cc(73)] ReadMemory at 0x7ff918bb0000 of 64 bytes failed: Only part of a ReadProcessMemory or WriteProcessMemory request was completed. (0x12B)
[1117/204334.867:WARNING:pe_image_reader.cc(340)] could not read dos header from C:\WINDOWS\System32\sechost.dll
[1117/204334.867:ERROR:process_memory_win.cc(73)] ReadMemory at 0x7ff917b30000 of 64 bytes failed: Only part of a ReadProcessMemory or WriteProcessMemory request was completed. (0x12B)
[1117/204334.867:WARNING:pe_image_reader.cc(340)] could not read dos header from C:\WINDOWS\System32\WINTRUST.dll
[1117/204334.867:ERROR:process_memory_win.cc(73)] ReadMemory at 0x7ff917650000 of 64 bytes failed: Only part of a ReadProcessMemory or WriteProcessMemory request was completed. (0x12B)
[1117/204334.867:WARNING:pe_image_reader.cc(340)] could not read dos header from C:\WINDOWS\System32\MSASN1.dll
[1117/204334.867:ERROR:process_memory_win.cc(73)] ReadMemory at 0x7ff9184f0000 of 64 bytes failed: Only part of a ReadProcessMemory or WriteProcessMemory request was completed. (0x12B)
[1117/204334.867:WARNING:pe_image_reader.cc(340)] could not read dos header from C:\WINDOWS\System32\CRYPT32.dll
[1117/204334.867:ERROR:process_memory_win.cc(73)] ReadMemory at 0x7ff91ac00000 of 64 bytes failed: Only part of a ReadProcessMemory or WriteProcessMemory request was completed. (0x12B)
[1117/204334.867:WARNING:pe_image_reader.cc(340)] could not read dos header from C:\WINDOWS\System32\IMM32.DLL
[1117/204334.867:ERROR:process_memory_win.cc(73)] ReadMemory at 0x7ff917b90000 of 64 bytes failed: Only part of a ReadProcessMemory or WriteProcessMemory request was completed. (0x12B)
[1117/204334.867:WARNING:pe_image_reader.cc(340)] could not read dos header from C:\WINDOWS\System32\bcryptPrimitives.dll
[1117/204334.867:ERROR:process_memory_win.cc(73)] ReadMemory at 0x7ff8a9040000 of 64 bytes failed: Only part of a ReadProcessMemory or WriteProcessMemory request was completed. (0x12B)
[1117/204334.867:WARNING:pe_image_reader.cc(340)] could not read dos header from C:\Program Files (x86)\Google\Chrome\Application\78.0.3904.97\chrome_child.dll
[1117/204334.867:ERROR:process_memory_win.cc(73)] ReadMemory at 0x1c0198d0000 of 64 bytes failed: Only part of a ReadProcessMemory or WriteProcessMemory request was completed. (0x12B)
[1117/204334.867:WARNING:pe_image_reader.cc(340)] could not read dos header from C:\WINDOWS\System32\OLEAUT32.dll
[1117/204334.867:ERROR:process_memory_win.cc(73)] ReadMemory at 0x1c019a40000 of 64 bytes failed: Only part of a ReadProcessMemory or WriteProcessMemory request was completed. (0x12B)
[1117/204334.868:WARNING:pe_image_reader.cc(340)] could not read dos header from C:\WINDOWS\System32\combase.dll
[1117/204334.868:ERROR:process_memory_win.cc(73)] ReadMemory at 0x7ff91ac30000 of 64 bytes failed: Only part of a ReadProcessMemory or WriteProcessMemory request was completed. (0x12B)
[1117/204334.868:WARNING:pe_image_reader.cc(340)] could not read dos header from C:\WINDOWS\System32\WS2_32.dll
[1117/204334.868:ERROR:process_memory_win.cc(73)] ReadMemory at 0x7ff916b70000 of 64 bytes failed: Only part of a ReadProcessMemory or WriteProcessMemory request was completed. (0x12B)
[1117/204334.868:WARNING:pe_image_reader.cc(340)] could not read dos header from C:\WINDOWS\SYSTEM32\IPHLPAPI.DLL
[1117/204334.868:ERROR:process_memory_win.cc(73)] ReadMemory at 0x7ff915110000 of 64 bytes failed: Only part of a ReadProcessMemory or WriteProcessMemory request was completed. (0x12B)
[1117/204334.868:WARNING:pe_image_reader.cc(340)] could not read dos header from C:\WINDOWS\SYSTEM32\WINMM.dll
[1117/204334.868:ERROR:process_memory_win.cc(73)] ReadMemory at 0x7ff917530000 of 64 bytes failed: Only part of a ReadProcessMemory or WriteProcessMemory request was completed. (0x12B)
[1117/204334.868:WARNING:pe_image_reader.cc(340)] could not read dos header from C:\WINDOWS\SYSTEM32\USERENV.dll
[1117/204334.868:ERROR:process_memory_win.cc(73)] ReadMemory at 0x7ff917680000 of 64 bytes failed: Only part of a ReadProcessMemory or WriteProcessMemory request was completed. (0x12B)
[1117/204334.868:WARNING:pe_image_reader.cc(340)] could not read dos header from C:\WINDOWS\System32\profapi.dll
[1117/204334.868:ERROR:process_memory_win.cc(73)] ReadMemory at 0x7ff914790000 of 64 bytes failed: Only part of a ReadProcessMemory or WriteProcessMemory request was completed. (0x12B)
[1117/204334.868:WARNING:pe_image_reader.cc(340)] could not read dos header from C:\WINDOWS\SYSTEM32\DWrite.dll
[1117/204334.868:ERROR:process_memory_win.cc(73)] ReadMemory at 0x7ff90ca60000 of 64 bytes failed: Only part of a ReadProcessMemory or WriteProcessMemory request was completed. (0x12B)
[1117/204334.868:WARNING:pe_image_reader.cc(340)] could not read dos header from C:\WINDOWS\SYSTEM32\WINSPOOL.DRV
[1117/204334.868:ERROR:process_memory_win.cc(73)] ReadMemory at 0x7ff9176a0000 of 64 bytes failed: Only part of a ReadProcessMemory or WriteProcessMemory request was completed. (0x12B)
[1117/204334.868:WARNING:pe_image_reader.cc(340)] could not read dos header from C:\WINDOWS\System32\kernel.appcore.dll
[1117/204334.868:ERROR:process_memory_win.cc(73)] ReadMemory at 0x7ff916020000 of 64 bytes failed: Only part of a ReadProcessMemory or WriteProcessMemory request was completed. (0x12B)
[1117/204334.868:WARNING:pe_image_reader.cc(340)] could not read dos header from C:\WINDOWS\SYSTEM32\dbghelp.dll
[1117/204334.868:ERROR:process_memory_win.cc(73)] ReadMemory at 0x7ff90a9c0000 of 64 bytes failed: Only part of a ReadProcessMemory or WriteProcessMemory request was completed. (0x12B)
[1117/204334.868:WARNING:pe_image_reader.cc(340)] could not read dos header from C:\WINDOWS\SYSTEM32\Secur32.dll
[1117/204334.868:ERROR:process_memory_win.cc(73)] ReadMemory at 0x7ff9122d0000 of 64 bytes failed: Only part of a ReadProcessMemory or WriteProcessMemory request was completed. (0x12B)
[1117/204334.869:WARNING:pe_image_reader.cc(340)] could not read dos header from C:\WINDOWS\SYSTEM32\WINHTTP.dll
[1117/204334.869:ERROR:process_memory_win.cc(73)] ReadMemory at 0x7ff90e5c0000 of 64 bytes failed: Only part of a ReadProcessMemory or WriteProcessMemory request was completed. (0x12B)
[1117/204334.869:WARNING:pe_image_reader.cc(340)] could not read dos header from C:\WINDOWS\SYSTEM32\dhcpcsvc.DLL
[1117/204334.869:ERROR:process_memory_win.cc(73)] ReadMemory at 0x7ff918ba0000 of 64 bytes failed: Only part of a ReadProcessMemory or WriteProcessMemory request was completed. (0x12B)
[1117/204334.869:WARNING:pe_image_reader.cc(340)] could not read dos header from C:\WINDOWS\System32\NSI.dll
[1117/204334.869:ERROR:process_memory_win.cc(73)] ReadMemory at 0x7ff914dd0000 of 64 bytes failed: Only part of a ReadProcessMemory or WriteProcessMemory request was completed. (0x12B)
[1117/204334.869:WARNING:pe_image_reader.cc(340)] could not read dos header from C:\WINDOWS\SYSTEM32\WINMMBASE.dll
[1117/204334.869:ERROR:process_memory_win.cc(73)] ReadMemory at 0x7ff917ae0000 of 64 bytes failed: Only part of a ReadProcessMemory or WriteProcessMemory request was completed. (0x12B)
[1117/204334.869:WARNING:pe_image_reader.cc(340)] could not read dos header from C:\WINDOWS\System32\cfgmgr32.dll
[1117/204334.869:ERROR:process_memory_win.cc(73)] ReadMemory at 0x7ff9152f0000 of 64 bytes failed: Only part of a ReadProcessMemory or WriteProcessMemory request was completed. (0x12B)
[1117/204334.869:WARNING:pe_image_reader.cc(340)] could not read dos header from C:\WINDOWS\SYSTEM32\PROPSYS.dll
[1117/204334.869:ERROR:process_memory_win.cc(73)] ReadMemory at 0x7ff9194c0000 of 64 bytes failed: Only part of a ReadProcessMemory or WriteProcessMemory request was completed. (0x12B)
[1117/204334.869:WARNING:pe_image_reader.cc(340)] could not read dos header from C:\WINDOWS\System32\shcore.dll
[1117/204334.869:ERROR:process_memory_win.cc(73)] ReadMemory at 0x7ff917100000 of 64 bytes failed: Only part of a ReadProcessMemory or WriteProcessMemory request was completed. (0x12B)
[1117/204334.869:WARNING:pe_image_reader.cc(340)] could not read dos header from C:\WINDOWS\SYSTEM32\bcrypt.dll
[1117/204334.869:ERROR:process_memory_win.cc(73)] ReadMemory at 0x7ff917500000 of 64 bytes failed: Only part of a ReadProcessMemory or WriteProcessMemory request was completed. (0x12B)
[1117/204334.869:WARNING:pe_image_reader.cc(340)] could not read dos header from C:\WINDOWS\SYSTEM32\SSPICLI.DLL
[1117/204334.869:ERROR:process_memory_win.cc(73)] ReadMemory at 0x7ff919570000 of 64 bytes failed: Only part of a ReadProcessMemory or WriteProcessMemory request was completed. (0x12B)
[1117/204334.869:WARNING:pe_image_reader.cc(340)] could not read dos header from C:\WINDOWS\System32\SHELL32.dll
[1117/204334.869:ERROR:process_memory_win.cc(73)] ReadMemory at 0x7ff917c10000 of 64 bytes failed: Only part of a ReadProcessMemory or WriteProcessMemory request was completed. (0x12B)
[1117/204334.869:WARNING:pe_image_reader.cc(340)] could not read dos header from C:\WINDOWS\System32\windows.storage.dll
[1117/204334.869:ERROR:process_memory_win.cc(73)] ReadMemory at 0x7ff918d90000 of 64 bytes failed: Only part of a ReadProcessMemory or WriteProcessMemory request was completed. (0x12B)
[1117/204334.869:WARNING:pe_image_reader.cc(340)] could not read dos header from C:\WINDOWS\System32\shlwapi.dll
[1117/204334.869:ERROR:process_memory_win.cc(73)] ReadMemory at 0x7ff917600000 of 64 bytes failed: Only part of a ReadProcessMemory or WriteProcessMemory request was completed. (0x12B)
[1117/204334.870:WARNING:pe_image_reader.cc(340)] could not read dos header from C:\WINDOWS\System32\powrprof.dll
[1117/204334.870:ERROR:process_memory_win.cc(73)] ReadMemory at 0x7ff917670000 of 64 bytes failed: Only part of a ReadProcessMemory or WriteProcessMemory request was completed. (0x12B)
[1117/204334.870:WARNING:pe_image_reader.cc(340)] could not read dos header from C:\WINDOWS\System32\FLTLIB.DLL
[1117/204334.870:ERROR:process_memory_win.cc(73)] ReadMemory at 0x7ff916ff0000 of 64 bytes failed: Only part of a ReadProcessMemory or WriteProcessMemory request was completed. (0x12B)
[1117/204334.870:WARNING:pe_image_reader.cc(340)] could not read dos header from C:\WINDOWS\SYSTEM32\CRYPTBASE.DLL
[1117/204334.915:ERROR:process_memory_win.cc(73)] ReadMemory at 0x43499f4000 of 49152 bytes failed: Only part of a ReadProcessMemory or WriteProcessMemory request was completed. (0x12B)
[1117/204334.915:ERROR:process_memory_win.cc(73)] ReadMemory at 0x434a9fe000 of 8192 bytes failed: Only part of a ReadProcessMemory or WriteProcessMemory request was completed. (0x12B)
[1117/204334.916:ERROR:process_memory_win.cc(73)] ReadMemory at 0x434b1fd000 of 12288 bytes failed: Only part of a ReadProcessMemory or WriteProcessMemory request was completed. (0x12B)
[1117/204334.916:ERROR:process_memory_win.cc(73)] ReadMemory at 0x434b9fa000 of 24576 bytes failed: Only part of a ReadProcessMemory or WriteProcessMemory request was completed. (0x12B)
[1117/204334.916:ERROR:process_memory_win.cc(73)] ReadMemory at 0x434c1fd000 of 12288 bytes failed: Only part of a ReadProcessMemory or WriteProcessMemory request was completed. (0x12B)
[1117/204334.916:ERROR:process_memory_win.cc(73)] ReadMemory at 0x434c9fc000 of 16384 bytes failed: Only part of a ReadProcessMemory or WriteProcessMemory request was completed. (0x12B)
[1117/204334.916:ERROR:process_memory_win.cc(73)] ReadMemory at 0x434d1fe000 of 8192 bytes failed: Only part of a ReadProcessMemory or WriteProcessMemory request was completed. (0x12B)
[1117/204334.917:ERROR:process_memory_win.cc(73)] ReadMemory at 0x434d9fd000 of 12288 bytes failed: Only part of a ReadProcessMemory or WriteProcessMemory request was completed. (0x12B)
[1117/204334.917:ERROR:process_memory_win.cc(73)] ReadMemory at 0x434e1fb000 of 20480 bytes failed: Only part of a ReadProcessMemory or WriteProcessMemory request was completed. (0x12B)
[1117/204334.917:ERROR:process_memory_win.cc(73)] ReadMemory at 0x434e9fd000 of 12288 bytes failed: Only part of a ReadProcessMemory or WriteProcessMemory request was completed. (0x12B)
[1117/204334.917:ERROR:process_memory_win.cc(73)] ReadMemory at 0x434f1fc000 of 16384 bytes failed: Only part of a ReadProcessMemory or WriteProcessMemory request was completed. (0x12B)
[1117/204334.917:ERROR:process_memory_win.cc(73)] ReadMemory at 0x434f9fb000 of 20480 bytes failed: Only part of a ReadProcessMemory or WriteProcessMemory request was completed. (0x12B)
[1117/204334.918:ERROR:process_memory_win.cc(73)] ReadMemory at 0x43501fb000 of 20480 bytes failed: Only part of a ReadProcessMemory or WriteProcessMemory request was completed. (0x12B)
[1117/204334.918:ERROR:process_memory_win.cc(73)] ReadMemory at 0x43509fc000 of 16384 bytes failed: Only part of a ReadProcessMemory or WriteProcessMemory request was completed. (0x12B)
[1117/204334.918:ERROR:process_memory_win.cc(73)] ReadMemory at 0x43511fd000 of 12288 bytes failed: Only part of a ReadProcessMemory or WriteProcessMemory request was completed. (0x12B)
[1117/204334.918:ERROR:process_memory_win.cc(73)] ReadMemory at 0x43519fa000 of 24576 bytes failed: Only part of a ReadProcessMemory or WriteProcessMemory request was completed. (0x12B)
[1117/204334.919:ERROR:process_memory_win.cc(73)] ReadMemory at 0x43521fd000 of 12288 bytes failed: Only part of a ReadProcessMemory or WriteProcessMemory request was completed. (0x12B)
[1117/204334.919:ERROR:process_memory_win.cc(73)] ReadMemory at 0x434a1fd000 of 12288 bytes failed: Only part of a ReadProcessMemory or WriteProcessMemory request was completed. (0x12B)
[1117/204334.919:ERROR:process_memory_win.cc(73)] ReadMemory at 0x4349162000 of 852 bytes failed: Only part of a ReadProcessMemory or WriteProcessMemory request was completed. (0x12B)
[1117/204334.919:ERROR:process_memory_win.cc(73)] ReadMemory at 0x4349163000 of 6024 bytes failed: Only part of a ReadProcessMemory or WriteProcessMemory request was completed. (0x12B)
[1117/204334.919:ERROR:process_memory_win.cc(73)] ReadMemory at 0x4349167000 of 6024 bytes failed: Only part of a ReadProcessMemory or WriteProcessMemory request was completed. (0x12B)
[1117/204334.919:ERROR:process_memory_win.cc(73)] ReadMemory at 0x4349169000 of 6024 bytes failed: Only part of a ReadProcessMemory or WriteProcessMemory request was completed. (0x12B)
[1117/204334.920:ERROR:process_memory_win.cc(73)] ReadMemory at 0x434916b000 of 6024 bytes failed: Only part of a ReadProcessMemory or WriteProcessMemory request was completed. (0x12B)
[1117/204334.920:ERROR:process_memory_win.cc(73)] ReadMemory at 0x434916d000 of 6024 bytes failed: Only part of a ReadProcessMemory or WriteProcessMemory request was completed. (0x12B)
[1117/204334.920:ERROR:process_memory_win.cc(73)] ReadMemory at 0x434916f000 of 6024 bytes failed: Only part of a ReadProcessMemory or WriteProcessMemory request was completed. (0x12B)
[1117/204334.922:ERROR:process_memory_win.cc(73)] ReadMemory at 0x4349171000 of 6024 bytes failed: Only part of a ReadProcessMemory or WriteProcessMemory request was completed. (0x12B)
[1117/204334.923:ERROR:process_memory_win.cc(73)] ReadMemory at 0x4349173000 of 6024 bytes failed: Only part of a ReadProcessMemory or WriteProcessMemory request was completed. (0x12B)
[1117/204334.923:ERROR:process_memory_win.cc(73)] ReadMemory at 0x4349175000 of 6024 bytes failed: Only part of a ReadProcessMemory or WriteProcessMemory request was completed. (0x12B)
[1117/204334.923:ERROR:process_memory_win.cc(73)] ReadMemory at 0x4349177000 of 6024 bytes failed: Only part of a ReadProcessMemory or WriteProcessMemory request was completed. (0x12B)
[1117/204334.924:ERROR:process_memory_win.cc(73)] ReadMemory at 0x4349179000 of 6024 bytes failed: Only part of a ReadProcessMemory or WriteProcessMemory request was completed. (0x12B)
[1117/204334.924:ERROR:process_memory_win.cc(73)] ReadMemory at 0x434917b000 of 6024 bytes failed: Only part of a ReadProcessMemory or WriteProcessMemory request was completed. (0x12B)
[1117/204334.924:ERROR:process_memory_win.cc(73)] ReadMemory at 0x434917d000 of 6024 bytes failed: Only part of a ReadProcessMemory or WriteProcessMemory request was completed. (0x12B)
[1117/204334.924:ERROR:process_memory_win.cc(73)] ReadMemory at 0x434917f000 of 6024 bytes failed: Only part of a ReadProcessMemory or WriteProcessMemory request was completed. (0x12B)
[1117/204334.924:ERROR:process_memory_win.cc(73)] ReadMemory at 0x4349181000 of 6024 bytes failed: Only part of a ReadProcessMemory or WriteProcessMemory request was completed. (0x12B)
[1117/204334.924:ERROR:process_memory_win.cc(73)] ReadMemory at 0x4349183000 of 6024 bytes failed: Only part of a ReadProcessMemory or WriteProcessMemory request was completed. (0x12B)
[1117/204334.925:ERROR:process_memory_win.cc(73)] ReadMemory at 0x4349185000 of 6024 bytes failed: Only part of a ReadProcessMemory or WriteProcessMemory request was completed. (0x12B)
[1117/204334.925:ERROR:process_memory_win.cc(73)] ReadMemory at 0x4349187000 of 6024 bytes failed: Only part of a ReadProcessMemory or WriteProcessMemory request was completed. (0x12B)
[1117/204334.925:ERROR:process_memory_win.cc(73)] ReadMemory at 0x1c019450000 of 384 bytes failed: Only part of a ReadProcessMemory or WriteProcessMemory request was completed. (0x12B)
[1117/204334.925:ERROR:process_memory_win.cc(73)] ReadMemory at 0x1c019450ab0 of 512 bytes failed: Only part of a ReadProcessMemory or WriteProcessMemory request was completed. (0x12B)
[1117/204334.925:ERROR:process_memory_win.cc(73)] ReadMemory at 0x1c019450fc0 of 6694 bytes failed: Only part of a ReadProcessMemory or WriteProcessMemory request was completed. (0x12B)
[1117/204334.925:ERROR:process_memory_win.cc(73)] ReadMemory at 0x1c0194529f0 of 1012 bytes failed: Only part of a ReadProcessMemory or WriteProcessMemory request was completed. (0x12B)
[1117/204334.926:ERROR:process_memory_win.cc(73)] ReadMemory at 0x1c019453008 of 118 bytes failed: Only part of a ReadProcessMemory or WriteProcessMemory request was completed. (0x12B)
[1117/204334.926:ERROR:process_memory_win.cc(73)] ReadMemory at 0x1c019453080 of 1378 bytes failed: Only part of a ReadProcessMemory or WriteProcessMemory request was completed. (0x12B)
[1117/204334.926:ERROR:process_memory_win.cc(73)] ReadMemory at 0x1c0194535e4 of 118 bytes failed: Only part of a ReadProcessMemory or WriteProcessMemory request was completed. (0x12B)
[1117/204334.926:ERROR:process_memory_win.cc(73)] ReadMemory at 0x1c01945365c of 98 bytes failed: Only part of a ReadProcessMemory or WriteProcessMemory request was completed. (0x12B)
[1117/204334.926:ERROR:process_memory_win.cc(73)] ReadMemory at 0x1c0194536d0 of 58 bytes failed: Only part of a ReadProcessMemory or WriteProcessMemory request was completed. (0x12B)
[1117/204334.927:ERROR:process_memory_win.cc(73)] ReadMemory at 0x1c0194537d0 of 132 bytes failed: Only part of a ReadProcessMemory or WriteProcessMemory request was completed. (0x12B)
[1117/204334.927:ERROR:process_memory_win.cc(73)] ReadMemory at 0x1c019453960 of 132 bytes failed: Only part of a ReadProcessMemory or WriteProcessMemory request was completed. (0x12B)
[1117/204334.927:ERROR:process_memory_win.cc(73)] ReadMemory at 0x1c019453b20 of 124 bytes failed: Only part of a ReadProcessMemory or WriteProcessMemory request was completed. (0x12B)
[1117/204334.927:ERROR:process_memory_win.cc(73)] ReadMemory at 0x1c019453f00 of 132 bytes failed: Only part of a ReadProcessMemory or WriteProcessMemory request was completed. (0x12B)
[1117/204334.927:ERROR:process_memory_win.cc(73)] ReadMemory at 0x1c019454090 of 64 bytes failed: Only part of a ReadProcessMemory or WriteProcessMemory request was completed. (0x12B)
[1117/204334.927:ERROR:process_memory_win.cc(73)] ReadMemory at 0x1c019454250 of 132 bytes failed: Only part of a ReadProcessMemory or WriteProcessMemory request was completed. (0x12B)
[1117/204334.927:ERROR:process_memory_win.cc(73)] ReadMemory at 0x1c0194544e0 of 132 bytes failed: Only part of a ReadProcessMemory or WriteProcessMemory request was completed. (0x12B)
[1117/204334.927:ERROR:process_memory_win.cc(73)] ReadMemory at 0x1c019454670 of 68 bytes failed: Only part of a ReadProcessMemory or WriteProcessMemory request was completed. (0x12B)
[1117/204334.927:ERROR:process_memory_win.cc(73)] ReadMemory at 0x1c019455560 of 150 bytes failed: Only part of a ReadProcessMemory or WriteProcessMemory request was completed. (0x12B)
[1117/204334.927:ERROR:process_memory_win.cc(73)] ReadMemory at 0x1c019455640 of 132 bytes failed: Only part of a ReadProcessMemory or WriteProcessMemory request was completed. (0x12B)
[1117/204334.928:ERROR:process_memory_win.cc(73)] ReadMemory at 0x1c0194557d0 of 152 bytes failed: Only part of a ReadProcessMemory or WriteProcessMemory request was completed. (0x12B)
[1117/204334.928:ERROR:process_memory_win.cc(73)] ReadMemory at 0x1c019456320 of 132 bytes failed: Only part of a ReadProcessMemory or WriteProcessMemory request was completed. (0x12B)
[1117/204334.928:ERROR:process_memory_win.cc(73)] ReadMemory at 0x1c019456a80 of 132 bytes failed: Only part of a ReadProcessMemory or WriteProcessMemory request was completed. (0x12B)
[1117/204334.928:ERROR:process_memory_win.cc(73)] ReadMemory at 0x1c019456bb0 of 60 bytes failed: Only part of a ReadProcessMemory or WriteProcessMemory request was completed. (0x12B)
[1117/204334.928:ERROR:process_memory_win.cc(73)] ReadMemory at 0x1c019456df0 of 132 bytes failed: Only part of a ReadProcessMemory or WriteProcessMemory request was completed. (0x12B)
[1117/204334.928:ERROR:process_memory_win.cc(73)] ReadMemory at 0x1c019457b70 of 62 bytes failed: Only part of a ReadProcessMemory or WriteProcessMemory request was completed. (0x12B)
[1117/204334.929:ERROR:process_memory_win.cc(73)] ReadMemory at 0x1c019457bc0 of 132 bytes failed: Only part of a ReadProcessMemory or WriteProcessMemory request was completed. (0x12B)
[1117/204334.929:ERROR:process_memory_win.cc(73)] ReadMemory at 0x1c019457d60 of 132 bytes failed: Only part of a ReadProcessMemory or WriteProcessMemory request was completed. (0x12B)
[1117/204334.929:ERROR:process_memory_win.cc(73)] ReadMemory at 0x1c019457e90 of 60 bytes failed: Only part of a ReadProcessMemory or WriteProcessMemory request was completed. (0x12B)
[1117/204334.929:ERROR:process_memory_win.cc(73)] ReadMemory at 0x1c019457ee0 of 68 bytes failed: Only part of a ReadProcessMemory or WriteProcessMemory request was completed. (0x12B)
[1117/204334.929:ERROR:process_memory_win.cc(73)] ReadMemory at 0x1c019458810 of 60 bytes failed: Only part of a ReadProcessMemory or WriteProcessMemory request was completed. (0x12B)
[1117/204334.929:ERROR:process_memory_win.cc(73)] ReadMemory at 0x1c019458a80 of 132 bytes failed: Only part of a ReadProcessMemory or WriteProcessMemory request was completed. (0x12B)
[1117/204334.929:ERROR:process_memory_win.cc(73)] ReadMemory at 0x1c019458c10 of 60 bytes failed: Only part of a ReadProcessMemory or WriteProcessMemory request was completed. (0x12B)
[1117/204334.929:ERROR:process_memory_win.cc(73)] ReadMemory at 0x1c01945b120 of 132 bytes failed: Only part of a ReadProcessMemory or WriteProcessMemory request was completed. (0x12B)
[1117/204334.929:ERROR:process_memory_win.cc(73)] ReadMemory at 0x1c01945b2b0 of 58 bytes failed: Only part of a ReadProcessMemory or WriteProcessMemory request was completed. (0x12B)
[1117/204334.929:ERROR:process_memory_win.cc(73)] ReadMemory at 0x1c01945b4b0 of 132 bytes failed: Only part of a ReadProcessMemory or WriteProcessMemory request was completed. (0x12B)
[1117/204334.930:ERROR:process_memory_win.cc(73)] ReadMemory at 0x1c01945bcf0 of 80 bytes failed: Only part of a ReadProcessMemory or WriteProcessMemory request was completed. (0x12B)
[1117/204334.930:ERROR:process_memory_win.cc(73)] ReadMemory at 0x1c01945c240 of 62 bytes failed: Only part of a ReadProcessMemory or WriteProcessMemory request was completed. (0x12B)
[1117/204334.930:ERROR:process_memory_win.cc(73)] ReadMemory at 0x1c01945c420 of 64 bytes failed: Only part of a ReadProcessMemory or WriteProcessMemory request was completed. (0x12B)
[1117/204334.930:ERROR:process_memory_win.cc(73)] ReadMemory at 0x1c01945c6f0 of 58 bytes failed: Only part of a ReadProcessMemory or WriteProcessMemory request was completed. (0x12B)
[1117/204334.930:ERROR:process_memory_win.cc(73)] ReadMemory at 0x1c01945c740 of 64 bytes failed: Only part of a ReadProcessMemory or WriteProcessMemory request was completed. (0x12B)
[1117/204334.930:ERROR:process_memory_win.cc(73)] ReadMemory at 0x1c01945c790 of 64 bytes failed: Only part of a ReadProcessMemory or WriteProcessMemory request was completed. (0x12B)
[1117/204334.930:ERROR:process_memory_win.cc(73)] ReadMemory at 0x1c01945c7e0 of 66 bytes failed: Only part of a ReadProcessMemory or WriteProcessMemory request was completed. (0x12B)
[1117/204334.930:ERROR:process_memory_win.cc(73)] ReadMemory at 0x1c01945c830 of 60 bytes failed: Only part of a ReadProcessMemory or WriteProcessMemory request was completed. (0x12B)
[1117/204334.930:ERROR:process_memory_win.cc(73)] ReadMemory at 0x1c01945c920 of 66 bytes failed: Only part of a ReadProcessMemory or WriteProcessMemory request was completed. (0x12B)
[1117/204334.930:ERROR:process_memory_win.cc(73)] ReadMemory at 0x1c01945c970 of 62 bytes failed: Only part of a ReadProcessMemory or WriteProcessMemory request was completed. (0x12B)
[1117/204334.931:ERROR:process_memory_win.cc(73)] ReadMemory at 0x1c01945cc70 of 132 bytes failed: Only part of a ReadProcessMemory or WriteProcessMemory request was completed. (0x12B)
[1117/204334.931:ERROR:process_memory_win.cc(73)] ReadMemory at 0x1c01945cfd0 of 132 bytes failed: Only part of a ReadProcessMemory or WriteProcessMemory request was completed. (0x12B)
[1117/204334.931:ERROR:process_memory_win.cc(73)] ReadMemory at 0x1c01945d6d0 of 132 bytes failed: Only part of a ReadProcessMemory or WriteProcessMemory request was completed. (0x12B)
[1117/204334.931:ERROR:process_memory_win.cc(73)] ReadMemory at 0x1c01945da70 of 132 bytes failed: Only part of a ReadProcessMemory or WriteProcessMemory request was completed. (0x12B)
[1117/204334.931:ERROR:process_memory_win.cc(73)] ReadMemory at 0x1c01945dba0 of 132 bytes failed: Only part of a ReadProcessMemory or WriteProcessMemory request was completed. (0x12B)
[1117/204334.931:ERROR:process_memory_win.cc(73)] ReadMemory at 0x1c01945dcd0 of 132 bytes failed: Only part of a ReadProcessMemory or WriteProcessMemory request was completed. (0x12B)
[1117/204334.931:ERROR:process_memory_win.cc(73)] ReadMemory at 0x1c01945df30 of 132 bytes failed: Only part of a ReadProcessMemory or WriteProcessMemory request was completed. (0x12B)
[1117/204334.931:ERROR:process_memory_win.cc(73)] ReadMemory at 0x1c01945e060 of 132 bytes failed: Only part of a ReadProcessMemory or WriteProcessMemory request was completed. (0x12B)
[1117/204334.931:ERROR:process_memory_win.cc(73)] ReadMemory at 0x1c01945e190 of 132 bytes failed: Only part of a ReadProcessMemory or WriteProcessMemory request was completed. (0x12B)
[1117/204334.932:ERROR:process_memory_win.cc(73)] ReadMemory at 0x1c01945e2c0 of 132 bytes failed: Only part of a ReadProcessMemory or WriteProcessMemory request was completed. (0x12B)
[1117/204334.935:ERROR:process_memory_win.cc(73)] ReadMemory at 0x1c01945e3f0 of 132 bytes failed: Only part of a ReadProcessMemory or WriteProcessMemory request was completed. (0x12B)
[1117/204334.935:ERROR:process_memory_win.cc(73)] ReadMemory at 0x1c01945e520 of 132 bytes failed: Only part of a ReadProcessMemory or WriteProcessMemory request was completed. (0x12B)
[1117/204334.935:ERROR:process_memory_win.cc(73)] ReadMemory at 0x1c01945e650 of 132 bytes failed: Only part of a ReadProcessMemory or WriteProcessMemory request was completed. (0x12B)
[1117/204334.935:ERROR:process_memory_win.cc(73)] ReadMemory at 0x1c01945e780 of 132 bytes failed: Only part of a ReadProcessMemory or WriteProcessMemory request was completed. (0x12B)
[1117/204334.935:ERROR:process_memory_win.cc(73)] ReadMemory at 0x1c01945e8b0 of 132 bytes failed: Only part of a ReadProcessMemory or WriteProcessMemory request was completed. (0x12B)
[1117/204334.944:ERROR:process_memory_win.cc(73)] ReadMemory at 0x1c01945ee50 of 156 bytes failed: Only part of a ReadProcessMemory or WriteProcessMemory request was completed. (0x12B)
[1117/204334.944:ERROR:process_memory_win.cc(73)] ReadMemory at 0x1c019464970 of 54 bytes failed: Only part of a ReadProcessMemory or WriteProcessMemory request was completed. (0x12B)
[1117/204334.944:ERROR:process_memory_win.cc(73)] ReadMemory at 0x1c01946605a of 512 bytes failed: Only part of a ReadProcessMemory or WriteProcessMemory request was completed. (0x12B)
[1117/204334.944:ERROR:process_memory_win.cc(73)] ReadMemory at 0x1c0194664c0 of 62 bytes failed: Only part of a ReadProcessMemory or WriteProcessMemory request was completed. (0x12B)
[1117/204334.944:ERROR:process_memory_win.cc(73)] ReadMemory at 0x1c019466510 of 60 bytes failed: Only part of a ReadProcessMemory or WriteProcessMemory request was completed. (0x12B)
[1117/204334.944:ERROR:process_memory_win.cc(73)] ReadMemory at 0x1c019466650 of 64 bytes failed: Only part of a ReadProcessMemory or WriteProcessMemory request was completed. (0x12B)
[1117/204334.944:ERROR:process_memory_win.cc(73)] ReadMemory at 0x1c0194666a0 of 62 bytes failed: Only part of a ReadProcessMemory or WriteProcessMemory request was completed. (0x12B)
[1117/204334.944:ERROR:process_memory_win.cc(73)] ReadMemory at 0x1c019466740 of 62 bytes failed: Only part of a ReadProcessMemory or WriteProcessMemory request was completed. (0x12B)
[1117/204334.945:ERROR:process_memory_win.cc(73)] ReadMemory at 0x1c0194667e0 of 62 bytes failed: Only part of a ReadProcessMemory or WriteProcessMemory request was completed. (0x12B)
[1117/204334.945:ERROR:process_memory_win.cc(73)] ReadMemory at 0x1c019466880 of 62 bytes failed: Only part of a ReadProcessMemory or WriteProcessMemory request was completed. (0x12B)
[1117/204334.945:ERROR:process_memory_win.cc(73)] ReadMemory at 0x1c019466920 of 62 bytes failed: Only part of a ReadProcessMemory or WriteProcessMemory request was completed. (0x12B)
[1117/204334.945:ERROR:process_memory_win.cc(73)] ReadMemory at 0x1c019466a60 of 62 bytes failed: Only part of a ReadProcessMemory or WriteProcessMemory request was completed. (0x12B)
[1117/204334.945:ERROR:process_memory_win.cc(73)] ReadMemory at 0x1c019466b00 of 64 bytes failed: Only part of a ReadProcessMemory or WriteProcessMemory request was completed. (0x12B)
[1117/204334.945:ERROR:process_memory_win.cc(73)] ReadMemory at 0x1c019466b50 of 60 bytes failed: Only part of a ReadProcessMemory or WriteProcessMemory request was completed. (0x12B)
[1117/204334.945:ERROR:process_memory_win.cc(73)] ReadMemory at 0x1c019466ba0 of 64 bytes failed: Only part of a ReadProcessMemory or WriteProcessMemory request was completed. (0x12B)
[1117/204334.945:ERROR:process_memory_win.cc(73)] ReadMemory at 0x1c019466bf0 of 60 bytes failed: Only part of a ReadProcessMemory or WriteProcessMemory request was completed. (0x12B)
[1117/204334.945:ERROR:process_memory_win.cc(73)] ReadMemory at 0x1c019466c90 of 62 bytes failed: Only part of a ReadProcessMemory or WriteProcessMemory request was completed. (0x12B)
[1117/204334.945:ERROR:process_memory_win.cc(73)] ReadMemory at 0x1c019466e20 of 58 bytes failed: Only part of a ReadProcessMemory or WriteProcessMemory request was completed. (0x12B)
[1117/204334.946:ERROR:process_memory_win.cc(73)] ReadMemory at 0x1c019466e70 of 62 bytes failed: Only part of a ReadProcessMemory or WriteProcessMemory request was completed. (0x12B)
[1117/204334.946:ERROR:process_memory_win.cc(73)] ReadMemory at 0x1c019466ec0 of 62 bytes failed: Only part of a ReadProcessMemory or WriteProcessMemory request was completed. (0x12B)
[1117/204334.946:ERROR:process_memory_win.cc(73)] ReadMemory at 0x1c019466f10 of 64 bytes failed: Only part of a ReadProcessMemory or WriteProcessMemory request was completed. (0x12B)
[1117/204334.946:ERROR:process_memory_win.cc(73)] ReadMemory at 0x1c019466fb0 of 64 bytes failed: Only part of a ReadProcessMemory or WriteProcessMemory request was completed. (0x12B)
[1117/204334.946:ERROR:process_memory_win.cc(73)] ReadMemory at 0x1c019467140 of 66 bytes failed: Only part of a ReadProcessMemory or WriteProcessMemory request was completed. (0x12B)
[1117/204334.946:ERROR:process_memory_win.cc(73)] ReadMemory at 0x1c019467190 of 64 bytes failed: Only part of a ReadProcessMemory or WriteProcessMemory request was completed. (0x12B)
[1117/204334.946:ERROR:process_memory_win.cc(73)] ReadMemory at 0x1c019467320 of 60 bytes failed: Only part of a ReadProcessMemory or WriteProcessMemory request was completed. (0x12B)
[1117/204334.946:ERROR:process_memory_win.cc(73)] ReadMemory at 0x1c019467400 of 512 bytes failed: Only part of a ReadProcessMemory or WriteProcessMemory request was completed. (0x12B)
[1117/204334.946:ERROR:process_memory_win.cc(73)] ReadMemory at 0x1c01946d840 of 132 bytes failed: Only part of a ReadProcessMemory or WriteProcessMemory request was completed. (0x12B)
[1117/204334.946:ERROR:process_memory_win.cc(73)] ReadMemory at 0x1c01946d970 of 132 bytes failed: Only part of a ReadProcessMemory or WriteProcessMemory request was completed. (0x12B)
[1117/204334.947:ERROR:process_memory_win.cc(73)] ReadMemory at 0x1c01946dbd0 of 132 bytes failed: Only part of a ReadProcessMemory or WriteProcessMemory request was completed. (0x12B)
[1117/204334.947:ERROR:process_memory_win.cc(73)] ReadMemory at 0x1c01946dd00 of 132 bytes failed: Only part of a ReadProcessMemory or WriteProcessMemory request was completed. (0x12B)
[1117/204334.950:ERROR:process_memory_win.cc(73)] ReadMemory at 0x1c01946e090 of 132 bytes failed: Only part of a ReadProcessMemory or WriteProcessMemory request was completed. (0x12B)
[1117/204334.950:ERROR:process_memory_win.cc(73)] ReadMemory at 0x1c01946e2f0 of 132 bytes failed: Only part of a ReadProcessMemory or WriteProcessMemory request was completed. (0x12B)
[1117/204334.950:ERROR:process_memory_win.cc(73)] ReadMemory at 0x1c01946e420 of 132 bytes failed: Only part of a ReadProcessMemory or WriteProcessMemory request was completed. (0x12B)
[1117/204334.950:ERROR:process_memory_win.cc(73)] ReadMemory at 0x1c01946e550 of 132 bytes failed: Only part of a ReadProcessMemory or WriteProcessMemory request was completed. (0x12B)
[1117/204334.950:ERROR:process_memory_win.cc(73)] ReadMemory at 0x1c01946e680 of 132 bytes failed: Only part of a ReadProcessMemory or WriteProcessMemory request was completed. (0x12B)
[1117/204334.950:ERROR:process_memory_win.cc(73)] ReadMemory at 0x1c01946e7b0 of 132 bytes failed: Only part of a ReadProcessMemory or WriteProcessMemory request was completed. (0x12B)
[1117/204334.951:ERROR:process_memory_win.cc(73)] ReadMemory at 0x1c01946e8e0 of 132 bytes failed: Only part of a ReadProcessMemory or WriteProcessMemory request was completed. (0x12B)
[1117/204334.951:ERROR:process_memory_win.cc(73)] ReadMemory at 0x1c01946ea10 of 132 bytes failed: Only part of a ReadProcessMemory or WriteProcessMemory request was completed. (0x12B)
[1117/204334.951:ERROR:process_memory_win.cc(73)] ReadMemory at 0x1c01946eb40 of 132 bytes failed: Only part of a ReadProcessMemory or WriteProcessMemory request was completed. (0x12B)
[1117/204334.951:ERROR:process_memory_win.cc(73)] ReadMemory at 0x1c01946ec70 of 132 bytes failed: Only part of a ReadProcessMemory or WriteProcessMemory request was completed. (0x12B)
[1117/204334.951:ERROR:process_memory_win.cc(73)] ReadMemory at 0x1c01946eda0 of 132 bytes failed: Only part of a ReadProcessMemory or WriteProcessMemory request was completed. (0x12B)
[1117/204334.951:ERROR:process_memory_win.cc(73)] ReadMemory at 0x1c01946eed0 of 132 bytes failed: Only part of a ReadProcessMemory or WriteProcessMemory request was completed. (0x12B)
[1117/204334.951:ERROR:process_memory_win.cc(73)] ReadMemory at 0x1c01946f000 of 132 bytes failed: Only part of a ReadProcessMemory or WriteProcessMemory request was completed. (0x12B)
[1117/204334.951:ERROR:process_memory_win.cc(73)] ReadMemory at 0x1c01946f130 of 132 bytes failed: Only part of a ReadProcessMemory or WriteProcessMemory request was completed. (0x12B)
[1117/204334.951:ERROR:process_memory_win.cc(73)] ReadMemory at 0x1c01946f260 of 132 bytes failed: Only part of a ReadProcessMemory or WriteProcessMemory request was completed. (0x12B)
[1117/204334.952:ERROR:process_memory_win.cc(73)] ReadMemory at 0x1c01946f4c0 of 132 bytes failed: Only part of a ReadProcessMemory or WriteProcessMemory request was completed. (0x12B)
[1117/204334.952:ERROR:process_memory_win.cc(73)] ReadMemory at 0x1c01946f5f0 of 132 bytes failed: Only part of a ReadProcessMemory or WriteProcessMemory request was completed. (0x12B)
[1117/204334.952:ERROR:process_memory_win.cc(73)] ReadMemory at 0x1c019470150 of 76 bytes failed: Only part of a ReadProcessMemory or WriteProcessMemory request was completed. (0x12B)
[1117/204334.952:ERROR:process_memory_win.cc(73)] ReadMemory at 0x1c019470570 of 78 bytes failed: Only part of a ReadProcessMemory or WriteProcessMemory request was completed. (0x12B)
[1117/204334.952:ERROR:process_memory_win.cc(73)] ReadMemory at 0x1c0194864a0 of 512 bytes failed: Only part of a ReadProcessMemory or WriteProcessMemory request was completed. (0x12B)
[1117/204334.955:ERROR:process_memory_win.cc(73)] ReadMemory at 0x1c019487de0 of 512 bytes failed: Only part of a ReadProcessMemory or WriteProcessMemory request was completed. (0x12B)
[1117/204334.955:ERROR:process_memory_win.cc(73)] ReadMemory at 0x1c019488f50 of 512 bytes failed: Only part of a ReadProcessMemory or WriteProcessMemory request was completed. (0x12B)
[1117/204334.955:ERROR:process_memory_win.cc(73)] ReadMemory at 0x1c019e5f710 of 512 bytes failed: Only part of a ReadProcessMemory or WriteProcessMemory request was completed. (0x12B)
[1117/204334.958:ERROR:process_memory_win.cc(73)] ReadMemory at 0x1c019e65d50 of 512 bytes failed: Only part of a ReadProcessMemory or WriteProcessMemory request was completed. (0x12B)
[1117/204334.958:ERROR:process_memory_win.cc(73)] ReadMemory at 0x1c019e66310 of 512 bytes failed: Only part of a ReadProcessMemory or WriteProcessMemory request was completed. (0x12B)
[1117/204334.959:ERROR:process_memory_win.cc(73)] ReadMemory at 0x1c019e669a0 of 512 bytes failed: Only part of a ReadProcessMemory or WriteProcessMemory request was completed. (0x12B)
[1117/204334.960:ERROR:process_memory_win.cc(73)] ReadMemory at 0x1c019e67600 of 512 bytes failed: Only part of a ReadProcessMemory or WriteProcessMemory request was completed. (0x12B)
[1117/204334.960:ERROR:process_memory_win.cc(73)] ReadMemory at 0x1c019e69570 of 512 bytes failed: Only part of a ReadProcessMemory or WriteProcessMemory request was completed. (0x12B)
[1117/204334.960:ERROR:process_memory_win.cc(73)] ReadMemory at 0x1c019e82080 of 712 bytes failed: Only part of a ReadProcessMemory or WriteProcessMemory request was completed. (0x12B)
[1117/204334.960:ERROR:process_memory_win.cc(73)] ReadMemory at 0x1c019e9a630 of 512 bytes failed: Only part of a ReadProcessMemory or WriteProcessMemory request was completed. (0x12B)
[1117/204334.960:ERROR:process_memory_win.cc(73)] ReadMemory at 0x1c01bba9cf8 of 512 bytes failed: Only part of a ReadProcessMemory or WriteProcessMemory request was completed. (0x12B)
[1117/204334.961:ERROR:process_memory_win.cc(73)] ReadMemory at 0x1c01bbe5178 of 656 bytes failed: Only part of a ReadProcessMemory or WriteProcessMemory request was completed. (0x12B)
[1117/204334.961:ERROR:process_memory_win.cc(73)] ReadMemory at 0x1c01bbe5718 of 512 bytes failed: Only part of a ReadProcessMemory or WriteProcessMemory request was completed. (0x12B)
[1117/204334.961:ERROR:process_memory_win.cc(73)] ReadMemory at 0x1c01bbfb158 of 512 bytes failed: Only part of a ReadProcessMemory or WriteProcessMemory request was completed. (0x12B)
[1117/204334.961:ERROR:process_memory_win.cc(73)] ReadMemory at 0x1c01bd1a9e0 of 512 bytes failed: Only part of a ReadProcessMemory or WriteProcessMemory request was completed. (0x12B)
[1117/204334.961:ERROR:process_memory_win.cc(73)] ReadMemory at 0x1c01c13c300 of 512 bytes failed: Only part of a ReadProcessMemory or WriteProcessMemory request was completed. (0x12B)
[1117/204334.961:ERROR:process_memory_win.cc(73)] ReadMemory at 0x1c01c1789ec of 512 bytes failed: Only part of a ReadProcessMemory or WriteProcessMemory request was completed. (0x12B)
[1117/204334.961:ERROR:process_memory_win.cc(73)] ReadMemory at 0x1c01c179520 of 512 bytes failed: Only part of a ReadProcessMemory or WriteProcessMemory request was completed. (0x12B)
[1117/204334.961:ERROR:process_memory_win.cc(73)] ReadMemory at 0x1c01c17a800 of 512 bytes failed: Only part of a ReadProcessMemory or WriteProcessMemory request was completed. (0x12B)
[1117/204334.962:ERROR:process_memory_win.cc(73)] ReadMemory at 0x1c01c2f269b of 512 bytes failed: Only part of a ReadProcessMemory or WriteProcessMemory request was completed. (0x12B)
[1117/204334.962:ERROR:process_memory_win.cc(73)] ReadMemory at 0x1c01c32ba70 of 520 bytes failed: Only part of a ReadProcessMemory or WriteProcessMemory request was completed. (0x12B)
[1117/204334.962:ERROR:process_memory_win.cc(73)] ReadMemory at 0x1c01c3b0b88 of 512 bytes failed: Only part of a ReadProcessMemory or WriteProcessMemory request was completed. (0x12B)
[1117/204334.962:ERROR:process_memory_win.cc(73)] ReadMemory at 0x1c01c42f7dc of 512 bytes failed: Only part of a ReadProcessMemory or WriteProcessMemory request was completed. (0x12B)
[1117/204334.962:ERROR:process_memory_win.cc(73)] ReadMemory at 0x1c01c44acec of 512 bytes failed: Only part of a ReadProcessMemory or WriteProcessMemory request was completed. (0x12B)
[1117/204334.962:ERROR:process_memory_win.cc(73)] ReadMemory at 0x1c01c461828 of 512 bytes failed: Only part of a ReadProcessMemory or WriteProcessMemory request was completed. (0x12B)
[1117/204334.962:ERROR:process_memory_win.cc(73)] ReadMemory at 0x77ac2e2de88 of 512 bytes failed: Only part of a ReadProcessMemory or WriteProcessMemory request was completed. (0x12B)
[1117/204334.962:ERROR:process_memory_win.cc(73)] ReadMemory at 0x2d8cde9da230 of 512 bytes failed: Only part of a ReadProcessMemory or WriteProcessMemory request was completed. (0x12B)
[1117/204334.962:ERROR:process_memory_win.cc(73)] ReadMemory at 0x3a2ceb5093f0 of 512 bytes failed: Only part of a ReadProcessMemory or WriteProcessMemory request was completed. (0x12B)
[1117/204334.963:ERROR:process_memory_win.cc(73)] ReadMemory at 0x609d380ebf00 of 512 bytes failed: Only part of a ReadProcessMemory or WriteProcessMemory request was completed. (0x12B)
[1117/204334.963:ERROR:process_memory_win.cc(73)] ReadMemory at 0x7ff8a9044d34 of 512 bytes failed: Only part of a ReadProcessMemory or WriteProcessMemory request was completed. (0x12B)
[1117/204334.963:ERROR:process_memory_win.cc(73)] ReadMemory at 0x7ff8aaacc64c of 512 bytes failed: Only part of a ReadProcessMemory or WriteProcessMemory request was completed. (0x12B)
[1117/204334.963:ERROR:process_memory_win.cc(73)] ReadMemory at 0x7ff9176fa308 of 512 bytes failed: Only part of a ReadProcessMemory or WriteProcessMemory request was completed. (0x12B)
[1117/204334.963:ERROR:process_memory_win.cc(73)] ReadMemory at 0x7ff917b9d0e4 of 764 bytes failed: Only part of a ReadProcessMemory or WriteProcessMemory request was completed. (0x12B)
[1117/204334.963:ERROR:process_memory_win.cc(73)] ReadMemory at 0x7ff91b3279f0 of 512 bytes failed: Only part of a ReadProcessMemory or WriteProcessMemory request was completed. (0x12B)
[1117/204334.963:ERROR:process_memory_win.cc(73)] ReadMemory at 0x7ff91b3282e0 of 512 bytes failed: Only part of a ReadProcessMemory or WriteProcessMemory request was completed. (0x12B)
[1117/204334.963:ERROR:process_memory_win.cc(73)] ReadMemory at 0x7ff91b32a0d0 of 512 bytes failed: Only part of a ReadProcessMemory or WriteProcessMemory request was completed. (0x12B)
[1117/204334.963:ERROR:process_memory_win.cc(73)] ReadMemory at 0x7ff91b39a9a4 of 672 bytes failed: Only part of a ReadProcessMemory or WriteProcessMemory request was completed. (0x12B)
[1117/204334.964:ERROR:process_memory_win.cc(73)] ReadMemory at 0x7ff91b39afa4 of 512 bytes failed: Only part of a ReadProcessMemory or WriteProcessMemory request was completed. (0x12B)
[1117/204334.964:ERROR:process_memory_win.cc(73)] ReadMemory at 0x7ff91b39e214 of 608 bytes failed: Only part of a ReadProcessMemory or WriteProcessMemory request was completed. (0x12B)
[1117/204334.964:ERROR:process_memory_win.cc(73)] ReadMemory at 0x7ff91b419380 of 512 bytes failed: Only part of a ReadProcessMemory or WriteProcessMemory request was completed. (0x12B)
[1117/204334.964:ERROR:process_memory_win.cc(73)] ReadMemory at 0x7ff91b4201e0 of 18 bytes failed: Only part of a ReadProcessMemory or WriteProcessMemory request was completed. (0x12B)
[1117/204334.964:ERROR:process_memory_win.cc(73)] ReadMemory at 0x7ff91b4565b0 of 40 bytes failed: Only part of a ReadProcessMemory or WriteProcessMemory request was completed. (0x12B)
[1117/204334.964:ERROR:process_memory_win.cc(73)] ReadMemory at 0x7ff91b456a08 of 48 bytes failed: Only part of a ReadProcessMemory or WriteProcessMemory request was completed. (0x12B)
[1117/204334.964:ERROR:process_memory_win.cc(73)] ReadMemory at 0x7ff91b45c360 of 64 bytes failed: Only part of a ReadProcessMemory or WriteProcessMemory request was completed. (0x12B)
[1117/204334.978:ERROR:scoped_process_suspend.cc(40)] NtResumeProcess: An attempt was made to access an exiting process. (0xc000010a)
[1117/204334.980:ERROR:file_io_win.cc(161)] CreateFile C:\Users\MA005KH\AppData\Local\Temp\2\scoped_dir1692_1103524765\Crashpad\settings.dat: The system cannot find the file specified. (0x2)
